<?xml version="1.0" encoding="UTF-8"?>
<!-- Generated by org.testng.reporters.JUnitXMLReporter -->
<testsuite ignored="0" hostname="Matheuss-MacBook-Pro.local" failures="2" tests="2" name="End to end Framework Test" time="15.638" errors="0" timestamp="05 Apr 2023 18:32:35 GMT">
  <testcase classname="appiumBasics.eCommerce_tc_4_hybrid" name="FillFormCorrecly" time="0.089">
    <failure type="java.lang.ExceptionInInitializerError">
      <![CDATA[java.lang.ExceptionInInitializerError
at io.appium.java_client.pagefactory.utils.ProxyFactory.getEnhancedProxy(ProxyFactory.java:53)
at io.appium.java_client.pagefactory.utils.ProxyFactory.getEnhancedProxy(ProxyFactory.java:33)
at io.appium.java_client.pagefactory.AppiumFieldDecorator.proxyForAnElement(AppiumFieldDecorator.java:208)
at io.appium.java_client.pagefactory.AppiumFieldDecorator.access$000(AppiumFieldDecorator.java:60)
at io.appium.java_client.pagefactory.AppiumFieldDecorator$1.proxyForLocator(AppiumFieldDecorator.java:99)
at org.openqa.selenium.support.pagefactory.DefaultFieldDecorator.decorate(DefaultFieldDecorator.java:63)
at io.appium.java_client.pagefactory.AppiumFieldDecorator.decorate(AppiumFieldDecorator.java:146)
at org.openqa.selenium.support.PageFactory.proxyFields(PageFactory.java:111)
at org.openqa.selenium.support.PageFactory.initElements(PageFactory.java:103)
at pages.android.BasePageAndroid.<init>(BasePageAndroid.java:25)
at pages.android.FormPage.<init>(FormPage.java:35)
at appiumBasics.eCommerce_tc_4_hybrid.FillFormCorrecly(eCommerce_tc_4_hybrid.java:44)
at net.sf.cglib.core.ReflectUtils.defineClass(ReflectUtils.java:464)
at net.sf.cglib.core.AbstractClassGenerator.generate(AbstractClassGenerator.java:339)
at net.sf.cglib.core.AbstractClassGenerator$ClassLoaderData$3.apply(AbstractClassGenerator.java:96)
at net.sf.cglib.core.AbstractClassGenerator$ClassLoaderData$3.apply(AbstractClassGenerator.java:94)
at net.sf.cglib.core.internal.LoadingCache$2.call(LoadingCache.java:54)
at java.base/java.util.concurrent.FutureTask.run(FutureTask.java:317)
at net.sf.cglib.core.internal.LoadingCache.createEntry(LoadingCache.java:61)
at net.sf.cglib.core.internal.LoadingCache.get(LoadingCache.java:34)
at net.sf.cglib.core.AbstractClassGenerator$ClassLoaderData.get(AbstractClassGenerator.java:119)
at net.sf.cglib.core.AbstractClassGenerator.create(AbstractClassGenerator.java:294)
at net.sf.cglib.core.KeyFactory$Generator.create(KeyFactory.java:221)
at net.sf.cglib.core.KeyFactory.create(KeyFactory.java:174)
at net.sf.cglib.core.KeyFactory.create(KeyFactory.java:153)
at net.sf.cglib.proxy.Enhancer.<clinit>(Enhancer.java:73)
... 39 more
at net.sf.cglib.core.ReflectUtils$1.run(ReflectUtils.java:61)
at java.base/java.security.AccessController.doPrivileged(AccessController.java:569)
at net.sf.cglib.core.ReflectUtils.<clinit>(ReflectUtils.java:52)
at net.sf.cglib.core.KeyFactory$Generator.generateClass(KeyFactory.java:243)
at net.sf.cglib.core.DefaultGeneratorStrategy.generate(DefaultGeneratorStrategy.java:25)
at net.sf.cglib.core.AbstractClassGenerator.generate(AbstractClassGenerator.java:332)
... 51 more
... Removed 34 stack frames]]>
    </failure>
  </testcase> <!-- FillFormCorrecly -->
  <testcase classname="appiumBasics.eCommerce_tc_4_hybrid" name="FillFormCorrecly" time="0.001">
    <failure type="java.lang.NoClassDefFoundError" message="Could not initialize class net.sf.cglib.proxy.Enhancer">
      <![CDATA[java.lang.NoClassDefFoundError: Could not initialize class net.sf.cglib.proxy.Enhancer
at io.appium.java_client.pagefactory.utils.ProxyFactory.getEnhancedProxy(ProxyFactory.java:53)
at io.appium.java_client.pagefactory.utils.ProxyFactory.getEnhancedProxy(ProxyFactory.java:33)
at io.appium.java_client.pagefactory.AppiumFieldDecorator.proxyForAnElement(AppiumFieldDecorator.java:208)
at io.appium.java_client.pagefactory.AppiumFieldDecorator.access$000(AppiumFieldDecorator.java:60)
at io.appium.java_client.pagefactory.AppiumFieldDecorator$1.proxyForLocator(AppiumFieldDecorator.java:99)
at org.openqa.selenium.support.pagefactory.DefaultFieldDecorator.decorate(DefaultFieldDecorator.java:63)
at io.appium.java_client.pagefactory.AppiumFieldDecorator.decorate(AppiumFieldDecorator.java:146)
at org.openqa.selenium.support.PageFactory.proxyFields(PageFactory.java:111)
at org.openqa.selenium.support.PageFactory.initElements(PageFactory.java:103)
at pages.android.BasePageAndroid.<init>(BasePageAndroid.java:25)
at pages.android.FormPage.<init>(FormPage.java:35)
at appiumBasics.eCommerce_tc_4_hybrid.FillFormCorrecly(eCommerce_tc_4_hybrid.java:44)
at net.sf.cglib.core.ReflectUtils.defineClass(ReflectUtils.java:464)
at net.sf.cglib.core.AbstractClassGenerator.generate(AbstractClassGenerator.java:339)
at net.sf.cglib.core.AbstractClassGenerator$ClassLoaderData$3.apply(AbstractClassGenerator.java:96)
at net.sf.cglib.core.AbstractClassGenerator$ClassLoaderData$3.apply(AbstractClassGenerator.java:94)
at net.sf.cglib.core.internal.LoadingCache$2.call(LoadingCache.java:54)
at java.base/java.util.concurrent.FutureTask.run(FutureTask.java:317)
at net.sf.cglib.core.internal.LoadingCache.createEntry(LoadingCache.java:61)
at net.sf.cglib.core.internal.LoadingCache.get(LoadingCache.java:34)
at net.sf.cglib.core.AbstractClassGenerator$ClassLoaderData.get(AbstractClassGenerator.java:119)
at net.sf.cglib.core.AbstractClassGenerator.create(AbstractClassGenerator.java:294)
at net.sf.cglib.core.KeyFactory$Generator.create(KeyFactory.java:221)
at net.sf.cglib.core.KeyFactory.create(KeyFactory.java:174)
at net.sf.cglib.core.KeyFactory.create(KeyFactory.java:153)
at net.sf.cglib.proxy.Enhancer.<clinit>(Enhancer.java:73)
... 39 more
... Removed 28 stack frames]]>
    </failure>
  </testcase> <!-- FillFormCorrecly -->
</testsuite> <!-- End to end Framework Test -->
