<?xml version="1.0" encoding="UTF-8"?>
<testsuite xmlns:xsi="http://www.w3.org/2001/XMLSchema-instance" xsi:noNamespaceSchemaLocation="https://maven.apache.org/surefire/maven-surefire-plugin/xsd/surefire-test-report-3.0.xsd" version="3.0" name="TestSuite" time="27.502" tests="1" errors="0" skipped="0" failures="0">
  <properties>
[...]
</properties>
  <testcase name="AddItemToCartTest" classname="appiumBasics.eCommerce_tc_2" time="19.596">
    <system-out><![CDATA[[TestNGContentHandler] [WARN] It is strongly recommended to add "<!DOCTYPE suite SYSTEM "http://testng.org/testng-1.0.dtd" >" at the top of your file, otherwise TestNG may fail or not work as expected.
&amp#27;[35m[Appium]&amp#27;[39m Welcome to Appium v2.0.0-beta.56
&amp#27;[35m[Appium]&amp#27;[39m Attempting to load driver uiautomator2...
[debug] &amp#27;[35m[Appium]&amp#27;[39m Requiring driver at /Users/matheusfritzen/.appium/node_modules/appium-uiautomator2-driver
&amp#27;[35m[Appium]&amp#27;[39m Attempting to load driver xcuitest...
[debug] &amp#27;[35m[Appium]&amp#27;[39m Requiring driver at /Users/matheusfritzen/.appium/node_modules/appium-xcuitest-driver
&amp#27;[38;5;0m[HTTP]&amp#27;[0m Could not start REST http interface listener. The requested port may already be in [used. ePbluega]s e&amp#27; [m3a5kme[ Aspuprieu mt]h&amp#27;er[e3 9ims  Enror oort:h elri sitnesnt aEnAcDeD RoIfN UtShEi:s  asdedrrveesrs  raulnrneiandgy  ailnr euasdey .0
.0.&amp#27;0[.305:m4[7A23
p[pdieubmu]g&amp#27;][ 3&amp#27;9[m3 5Cmo[uAlpdp inuomt ]c&amp#27;o[n3f9img u re    Aappti Suemrve r.setupLsisetrevneHandlre.  [Iats' s_ listen2]p o(snsoidbel:e ntehta:t1 4a3 2d:1r6i)v
e[rd eobru gp]l u&amp#27;g[i3n5 mt[rAipepdi utmo u]p&amp#27;dat[e3 9tmh e   s e ravte rl iasntde nfIaniled. OriCgliunsatl eerr r(onro:d el:insteetn: 1E4A8D0D:R1I2NU)
[debugS] E&amp#27;:[35 amd[dArespsp iaulmr]e&amp#27;a[d3y9 mi n   u s ea 0.0.0.0:4723
t doListen (node:net:1629:7)
[debug] &amp#27;[35m[Appium]&amp#27;[39m     at processTicksAndRejections (node:internal/process/task_queues:84:21)
]]></system-out>
    <system-err><![CDATA[SLF4J: No SLF4J providers were found.
SLF4J: Defaulting to no-operation (NOP) logger implementation
SLF4J: See https://www.slf4j.org/codes.html#noProviders for further details.
]]></system-err>
  </testcase>
</testsuite>